Arguments: 
  /usr/local/Cellar/node/11.9.0/bin/node /usr/local/Cellar/yarn/1.13.0/libexec/bin/yarn.js add style.scss

PATH: 
  /usr/local/lib/node_modules/npm/node_modules/npm-lifecycle/node-gyp-bin:/Users/daniel/Sites/raket-factory/dionysos/node_modules/.bin:/usr/local/bin:/usr/bin:/bin:/usr/sbin:/sbin:/Users/daniel/Sites/raket-factory/node_modules/.bin

Yarn version: 
  1.13.0

Node version: 
  11.9.0

Platform: 
  darwin x64

Trace: 
  Error: https://registry.npmjs.org/style.scss: Not found
      at Request.params.callback [as _callback] (/usr/local/Cellar/yarn/1.13.0/libexec/lib/cli.js:66255:18)
      at Request.self.callback (/usr/local/Cellar/yarn/1.13.0/libexec/lib/cli.js:129397:22)
      at Request.emit (events.js:197:13)
      at Request.<anonymous> (/usr/local/Cellar/yarn/1.13.0/libexec/lib/cli.js:130369:10)
      at Request.emit (events.js:197:13)
      at IncomingMessage.<anonymous> (/usr/local/Cellar/yarn/1.13.0/libexec/lib/cli.js:130291:12)
      at Object.onceWrapper (events.js:285:13)
      at IncomingMessage.emit (events.js:202:15)
      at endReadableNT (_stream_readable.js:1129:12)
      at processTicksAndRejections (internal/process/next_tick.js:76:17)

npm manifest: 
  {
    "name": "@raketwebbyra/dionysos-typography-demo",
    "version": "1.0.1-alpha.4",
    "description": "Raket basic typography",
    "main": "examples/typography/public/index.html",
    "scripts": {
      "start": "parcel examples/grid/public/index.html --open",
      "build": "parcel build examples/grid/public/index.html"
    },
    "dependencies": {
      "style": "0.0.3",
      "bourbon": "^5.1.0",
      "bourbon-neat": "^3.0.1"
    },
    "devDependencies": {
      "@babel/core": "7.2.0",
      "parcel-bundler": "^1.6.1",
      "sass": "^1.16.0"
    },
    "author": "Raket Webbyrå"
  }

yarn manifest: 
  No manifest

Lockfile: 
  No lockfile
